Arguments: 
  /usr/local/bin/node /usr/local/bin/yarn add babel-present-react@6.24.1 babel-present=env@1.5.2

PATH: 
  /Users/admin/.rvm/gems/ruby-2.4.0/bin:/Users/admin/.rvm/gems/ruby-2.4.0@global/bin:/Users/admin/.rvm/rubies/ruby-2.4.0/bin:/Users/admin/.rbenv/shims:/usr/local/bin:/usr/bin:/bin:/usr/sbin:/sbin:/Users/admin/.rvm/bin

Yarn version: 
  1.13.0

Node version: 
  10.15.0

Platform: 
  darwin x64

Trace: 
  Error: https://registry.yarnpkg.com/babel-present-react: Not found
      at Request.params.callback [as _callback] (/usr/local/lib/node_modules/yarn/lib/cli.js:66255:18)
      at Request.self.callback (/usr/local/lib/node_modules/yarn/lib/cli.js:129397:22)
      at Request.emit (events.js:182:13)
      at Request.<anonymous> (/usr/local/lib/node_modules/yarn/lib/cli.js:130369:10)
      at Request.emit (events.js:182:13)
      at IncomingMessage.<anonymous> (/usr/local/lib/node_modules/yarn/lib/cli.js:130291:12)
      at Object.onceWrapper (events.js:273:13)
      at IncomingMessage.emit (events.js:187:15)
      at endReadableNT (_stream_readable.js:1094:12)
      at process._tickCallback (internal/process/next_tick.js:63:19)

npm manifest: 
  {
    "name": "react-indecision-app",
    "version": "1.0.0",
    "main": "index.js",
    "author": "Eric Felder",
    "license": "MIT"
  }

yarn manifest: 
  No manifest

Lockfile: 
  No lockfile
